[debug] [2024-08-29T11:07:41.531Z] ----------------------------------------------------------------------
[debug] [2024-08-29T11:07:41.541Z] Command:       C:\Program Files\nodejs\node.exe C:\Users\lenovo\AppData\Roaming\npm\node_modules\firebase-tools\lib\bin\firebase.js init functions
[debug] [2024-08-29T11:07:41.541Z] CLI Version:   13.15.0
[debug] [2024-08-29T11:07:41.541Z] Platform:      win32
[debug] [2024-08-29T11:07:41.541Z] Node Version:  v22.6.0
[debug] [2024-08-29T11:07:41.542Z] Time:          Thu Aug 29 2024 11:07:41 GMT+0000 (Greenwich Mean Time)
[debug] [2024-08-29T11:07:41.542Z] ----------------------------------------------------------------------
[debug] 
[debug] [2024-08-29T11:07:41.546Z] >>> [apiv2][query] GET https://firebase-public.firebaseio.com/cli.json [none]
[debug] [2024-08-29T11:07:41.610Z] > command requires scopes: ["email","openid","https://www.googleapis.com/auth/cloudplatformprojects.readonly","https://www.googleapis.com/auth/firebase","https://www.googleapis.com/auth/cloud-platform"]
[debug] [2024-08-29T11:07:41.610Z] > authorizing via signed-in user (myredevesuper@gmail.com)
[info] 
     ######## #### ########  ######## ########     ###     ######  ########
     ##        ##  ##     ## ##       ##     ##  ##   ##  ##       ##
     ######    ##  ########  ######   ########  #########  ######  ######
     ##        ##  ##    ##  ##       ##     ## ##     ##       ## ##
     ##       #### ##     ## ######## ########  ##     ##  ######  ########

You're about to initialize a Firebase project in this directory:

  D:\Myredeve Learning Hub

[debug] [2024-08-29T11:07:42.255Z] <<< [apiv2][status] GET https://firebase-public.firebaseio.com/cli.json 200
[debug] [2024-08-29T11:07:42.256Z] <<< [apiv2][body] GET https://firebase-public.firebaseio.com/cli.json {"cloudBuildErrorAfter":1594252800000,"cloudBuildWarnAfter":1590019200000,"defaultNode10After":1594252800000,"minVersion":"3.0.5","node8DeploysDisabledAfter":1613390400000,"node8RuntimeDisabledAfter":1615809600000,"node8WarnAfter":1600128000000}
[info] 
=== Project Setup
[info] 
[info] First, let's associate this project directory with a Firebase project.
[info] You can create multiple project aliases by running firebase use --add, 
[info] but for now we'll just set up a default project.
[info] 
[debug] [2024-08-29T11:07:54.223Z] > refreshing access token with scopes: []
[debug] [2024-08-29T11:07:54.232Z] >>> [apiv2][query] POST https://www.googleapis.com/oauth2/v3/token [none]
[debug] [2024-08-29T11:07:54.232Z] >>> [apiv2][body] POST https://www.googleapis.com/oauth2/v3/token [omitted]
[debug] [2024-08-29T11:07:54.880Z] <<< [apiv2][status] POST https://www.googleapis.com/oauth2/v3/token 200
[debug] [2024-08-29T11:07:54.881Z] <<< [apiv2][body] POST https://www.googleapis.com/oauth2/v3/token [omitted]
[debug] [2024-08-29T11:07:54.906Z] >>> [apiv2][query] GET https://firebase.googleapis.com/v1beta1/projects pageSize=100
[debug] [2024-08-29T11:07:55.705Z] <<< [apiv2][status] GET https://firebase.googleapis.com/v1beta1/projects 200
[debug] [2024-08-29T11:07:55.706Z] <<< [apiv2][body] GET https://firebase.googleapis.com/v1beta1/projects [omitted]
[info] i  Using project myredevelh (Myredevelh) 
[info] 
=== Functions Setup
[debug] [2024-08-29T11:08:02.655Z] > command requires scopes: ["email","openid","https://www.googleapis.com/auth/cloudplatformprojects.readonly","https://www.googleapis.com/auth/firebase","https://www.googleapis.com/auth/cloud-platform"]
[debug] [2024-08-29T11:08:02.656Z] > authorizing via signed-in user (myredevesuper@gmail.com)
[debug] [2024-08-29T11:08:02.656Z] [iam] checking project myredevelh for permissions ["firebase.projects.get"]
[debug] [2024-08-29T11:08:02.657Z] >>> [apiv2][query] POST https://cloudresourcemanager.googleapis.com/v1/projects/myredevelh:testIamPermissions [none]
[debug] [2024-08-29T11:08:02.657Z] >>> [apiv2][(partial)header] POST https://cloudresourcemanager.googleapis.com/v1/projects/myredevelh:testIamPermissions x-goog-quota-user=projects/myredevelh
[debug] [2024-08-29T11:08:02.657Z] >>> [apiv2][body] POST https://cloudresourcemanager.googleapis.com/v1/projects/myredevelh:testIamPermissions {"permissions":["firebase.projects.get"]}
[debug] [2024-08-29T11:08:03.876Z] <<< [apiv2][status] POST https://cloudresourcemanager.googleapis.com/v1/projects/myredevelh:testIamPermissions 200
[debug] [2024-08-29T11:08:03.876Z] <<< [apiv2][body] POST https://cloudresourcemanager.googleapis.com/v1/projects/myredevelh:testIamPermissions {"permissions":["firebase.projects.get"]}
[debug] [2024-08-29T11:08:03.879Z] >>> [apiv2][query] GET https://serviceusage.googleapis.com/v1/projects/myredevelh/services/cloudfunctions.googleapis.com [none]
[debug] [2024-08-29T11:08:03.879Z] >>> [apiv2][(partial)header] GET https://serviceusage.googleapis.com/v1/projects/myredevelh/services/cloudfunctions.googleapis.com x-goog-quota-user=projects/myredevelh
[debug] [2024-08-29T11:08:03.884Z] >>> [apiv2][query] GET https://serviceusage.googleapis.com/v1/projects/myredevelh/services/runtimeconfig.googleapis.com [none]
[debug] [2024-08-29T11:08:03.884Z] >>> [apiv2][(partial)header] GET https://serviceusage.googleapis.com/v1/projects/myredevelh/services/runtimeconfig.googleapis.com x-goog-quota-user=projects/myredevelh
[debug] [2024-08-29T11:08:05.315Z] <<< [apiv2][status] GET https://serviceusage.googleapis.com/v1/projects/myredevelh/services/cloudfunctions.googleapis.com 200
[debug] [2024-08-29T11:08:05.315Z] <<< [apiv2][body] GET https://serviceusage.googleapis.com/v1/projects/myredevelh/services/cloudfunctions.googleapis.com [omitted]
[debug] [2024-08-29T11:08:05.317Z] >>> [apiv2][query] POST https://serviceusage.googleapis.com/v1/projects/myredevelh/services/cloudfunctions.googleapis.com:enable [none]
[debug] [2024-08-29T11:08:05.317Z] >>> [apiv2][(partial)header] POST https://serviceusage.googleapis.com/v1/projects/myredevelh/services/cloudfunctions.googleapis.com:enable x-goog-quota-user=projects/myredevelh
[debug] [2024-08-29T11:08:05.321Z] <<< [apiv2][status] GET https://serviceusage.googleapis.com/v1/projects/myredevelh/services/runtimeconfig.googleapis.com 200
[debug] [2024-08-29T11:08:05.321Z] <<< [apiv2][body] GET https://serviceusage.googleapis.com/v1/projects/myredevelh/services/runtimeconfig.googleapis.com [omitted]
[debug] [2024-08-29T11:08:06.529Z] <<< [apiv2][status] POST https://serviceusage.googleapis.com/v1/projects/myredevelh/services/cloudfunctions.googleapis.com:enable 200
[debug] [2024-08-29T11:08:06.529Z] <<< [apiv2][body] POST https://serviceusage.googleapis.com/v1/projects/myredevelh/services/cloudfunctions.googleapis.com:enable [omitted]
[debug] [2024-08-29T11:08:16.533Z] >>> [apiv2][query] GET https://serviceusage.googleapis.com/v1/projects/myredevelh/services/cloudfunctions.googleapis.com [none]
[debug] [2024-08-29T11:08:16.533Z] >>> [apiv2][(partial)header] GET https://serviceusage.googleapis.com/v1/projects/myredevelh/services/cloudfunctions.googleapis.com x-goog-quota-user=projects/myredevelh
[debug] [2024-08-29T11:08:17.901Z] <<< [apiv2][status] GET https://serviceusage.googleapis.com/v1/projects/myredevelh/services/cloudfunctions.googleapis.com 200
[debug] [2024-08-29T11:08:17.901Z] <<< [apiv2][body] GET https://serviceusage.googleapis.com/v1/projects/myredevelh/services/cloudfunctions.googleapis.com [omitted]
[info] Let's create a new codebase for your functions.
[info] A directory corresponding to the codebase will be created in your project
[info] with sample code pre-configured.

[info] See https://firebase.google.com/docs/functions/organize-functions for
[info] more information on organizing your functions using codebases.

[info] Functions can be deployed with firebase deploy.

[info] +  Wrote functions/package.json 
[info] +  Wrote functions/.eslintrc.js 
[info] +  Wrote functions/index.js 
[info] +  Wrote functions/.gitignore 
[debug] [2024-08-29T11:21:50.819Z] ----------------------------------------------------------------------
[debug] [2024-08-29T11:21:50.822Z] Command:       C:\Program Files\nodejs\node.exe C:\Users\lenovo\AppData\Roaming\npm\node_modules\firebase-tools\lib\bin\firebase.js init functions
[debug] [2024-08-29T11:21:50.822Z] CLI Version:   13.15.0
[debug] [2024-08-29T11:21:50.822Z] Platform:      win32
[debug] [2024-08-29T11:21:50.822Z] Node Version:  v22.6.0
[debug] [2024-08-29T11:21:50.822Z] Time:          Thu Aug 29 2024 11:21:50 GMT+0000 (Greenwich Mean Time)
[debug] [2024-08-29T11:21:50.823Z] ----------------------------------------------------------------------
[debug] 
[debug] [2024-08-29T11:21:50.832Z] > command requires scopes: ["email","openid","https://www.googleapis.com/auth/cloudplatformprojects.readonly","https://www.googleapis.com/auth/firebase","https://www.googleapis.com/auth/cloud-platform"]
[debug] [2024-08-29T11:21:50.832Z] > authorizing via signed-in user (myredevesuper@gmail.com)
[info] 
     ######## #### ########  ######## ########     ###     ######  ########
     ##        ##  ##     ## ##       ##     ##  ##   ##  ##       ##
     ######    ##  ########  ######   ########  #########  ######  ######
     ##        ##  ##    ##  ##       ##     ## ##     ##       ## ##
     ##       #### ##     ## ######## ########  ##     ##  ######  ########

You're about to initialize a Firebase project in this directory:

  D:\Myredeve Learning Hub

[info] 
=== Project Setup
[info] 
[info] First, let's associate this project directory with a Firebase project.
[info] You can create multiple project aliases by running firebase use --add, 
[info] but for now we'll just set up a default project.
[info] 
[debug] [2024-08-29T11:21:58.336Z] >>> [apiv2][query] GET https://firebase.googleapis.com/v1beta1/projects pageSize=100
[debug] [2024-08-29T11:21:59.269Z] <<< [apiv2][status] GET https://firebase.googleapis.com/v1beta1/projects 200
[debug] [2024-08-29T11:21:59.269Z] <<< [apiv2][body] GET https://firebase.googleapis.com/v1beta1/projects [omitted]
[info] i  Using project myredevelh (Myredevelh) 
[info] 
=== Functions Setup
[debug] [2024-08-29T11:22:15.164Z] > command requires scopes: ["email","openid","https://www.googleapis.com/auth/cloudplatformprojects.readonly","https://www.googleapis.com/auth/firebase","https://www.googleapis.com/auth/cloud-platform"]
[debug] [2024-08-29T11:22:15.165Z] > authorizing via signed-in user (myredevesuper@gmail.com)
[debug] [2024-08-29T11:22:15.165Z] [iam] checking project myredevelh for permissions ["firebase.projects.get"]
[debug] [2024-08-29T11:22:15.166Z] >>> [apiv2][query] POST https://cloudresourcemanager.googleapis.com/v1/projects/myredevelh:testIamPermissions [none]
[debug] [2024-08-29T11:22:15.166Z] >>> [apiv2][(partial)header] POST https://cloudresourcemanager.googleapis.com/v1/projects/myredevelh:testIamPermissions x-goog-quota-user=projects/myredevelh
[debug] [2024-08-29T11:22:15.166Z] >>> [apiv2][body] POST https://cloudresourcemanager.googleapis.com/v1/projects/myredevelh:testIamPermissions {"permissions":["firebase.projects.get"]}
[debug] [2024-08-29T11:22:16.233Z] <<< [apiv2][status] POST https://cloudresourcemanager.googleapis.com/v1/projects/myredevelh:testIamPermissions 200
[debug] [2024-08-29T11:22:16.233Z] <<< [apiv2][body] POST https://cloudresourcemanager.googleapis.com/v1/projects/myredevelh:testIamPermissions {"permissions":["firebase.projects.get"]}
[debug] [2024-08-29T11:22:16.236Z] >>> [apiv2][query] GET https://serviceusage.googleapis.com/v1/projects/myredevelh/services/cloudfunctions.googleapis.com [none]
[debug] [2024-08-29T11:22:16.236Z] >>> [apiv2][(partial)header] GET https://serviceusage.googleapis.com/v1/projects/myredevelh/services/cloudfunctions.googleapis.com x-goog-quota-user=projects/myredevelh
[debug] [2024-08-29T11:22:16.241Z] >>> [apiv2][query] GET https://serviceusage.googleapis.com/v1/projects/myredevelh/services/runtimeconfig.googleapis.com [none]
[debug] [2024-08-29T11:22:16.241Z] >>> [apiv2][(partial)header] GET https://serviceusage.googleapis.com/v1/projects/myredevelh/services/runtimeconfig.googleapis.com x-goog-quota-user=projects/myredevelh
[debug] [2024-08-29T11:22:17.548Z] <<< [apiv2][status] GET https://serviceusage.googleapis.com/v1/projects/myredevelh/services/runtimeconfig.googleapis.com 200
[debug] [2024-08-29T11:22:17.549Z] <<< [apiv2][body] GET https://serviceusage.googleapis.com/v1/projects/myredevelh/services/runtimeconfig.googleapis.com [omitted]
[debug] [2024-08-29T11:22:17.556Z] <<< [apiv2][status] GET https://serviceusage.googleapis.com/v1/projects/myredevelh/services/cloudfunctions.googleapis.com 200
[debug] [2024-08-29T11:22:17.557Z] <<< [apiv2][body] GET https://serviceusage.googleapis.com/v1/projects/myredevelh/services/cloudfunctions.googleapis.com [omitted]
[info] Let's create a new codebase for your functions.
[info] A directory corresponding to the codebase will be created in your project
[info] with sample code pre-configured.

[info] See https://firebase.google.com/docs/functions/organize-functions for
[info] more information on organizing your functions using codebases.

[info] Functions can be deployed with firebase deploy.

[info] +  Wrote functions/package.json 
[info] +  Wrote functions/.eslintrc.js 
[info] +  Wrote functions/index.js 
[info] +  Wrote functions/.gitignore 
[debug] [2024-08-29T11:28:20.832Z] ----------------------------------------------------------------------
[debug] [2024-08-29T11:28:20.834Z] Command:       C:\Program Files\nodejs\node.exe C:\Users\lenovo\AppData\Roaming\npm\node_modules\firebase-tools\lib\bin\firebase.js init functions
[debug] [2024-08-29T11:28:20.834Z] CLI Version:   13.15.0
[debug] [2024-08-29T11:28:20.835Z] Platform:      win32
[debug] [2024-08-29T11:28:20.835Z] Node Version:  v18.20.4
[debug] [2024-08-29T11:28:20.847Z] Time:          Thu Aug 29 2024 11:28:20 GMT+0000 (Greenwich Mean Time)
[debug] [2024-08-29T11:28:20.848Z] ----------------------------------------------------------------------
[debug] 
[debug] [2024-08-29T11:28:20.867Z] > command requires scopes: ["email","openid","https://www.googleapis.com/auth/cloudplatformprojects.readonly","https://www.googleapis.com/auth/firebase","https://www.googleapis.com/auth/cloud-platform"]
[debug] [2024-08-29T11:28:20.868Z] > authorizing via signed-in user (myredevesuper@gmail.com)
[info] 
     ######## #### ########  ######## ########     ###     ######  ########
     ##        ##  ##     ## ##       ##     ##  ##   ##  ##       ##
     ######    ##  ########  ######   ########  #########  ######  ######
     ##        ##  ##    ##  ##       ##     ## ##     ##       ## ##
     ##       #### ##     ## ######## ########  ##     ##  ######  ########

You're about to initialize a Firebase project in this directory:

  D:\Myredeve Learning Hub

[info] 
=== Project Setup
[info] 
[info] First, let's associate this project directory with a Firebase project.
[info] You can create multiple project aliases by running firebase use --add, 
[info] but for now we'll just set up a default project.
[info] 
[debug] [2024-08-29T11:28:25.375Z] >>> [apiv2][query] GET https://firebase.googleapis.com/v1beta1/projects pageSize=100
[debug] [2024-08-29T11:28:26.268Z] <<< [apiv2][status] GET https://firebase.googleapis.com/v1beta1/projects 200
[debug] [2024-08-29T11:28:26.269Z] <<< [apiv2][body] GET https://firebase.googleapis.com/v1beta1/projects [omitted]
[info] i  Using project myredevelh (Myredevelh) 
[info] 
=== Functions Setup
[debug] [2024-08-29T11:28:34.927Z] > command requires scopes: ["email","openid","https://www.googleapis.com/auth/cloudplatformprojects.readonly","https://www.googleapis.com/auth/firebase","https://www.googleapis.com/auth/cloud-platform"]
[debug] [2024-08-29T11:28:34.928Z] > authorizing via signed-in user (myredevesuper@gmail.com)
[debug] [2024-08-29T11:28:34.928Z] [iam] checking project myredevelh for permissions ["firebase.projects.get"]
[debug] [2024-08-29T11:28:34.930Z] >>> [apiv2][query] POST https://cloudresourcemanager.googleapis.com/v1/projects/myredevelh:testIamPermissions [none]
[debug] [2024-08-29T11:28:34.930Z] >>> [apiv2][(partial)header] POST https://cloudresourcemanager.googleapis.com/v1/projects/myredevelh:testIamPermissions x-goog-quota-user=projects/myredevelh
[debug] [2024-08-29T11:28:34.930Z] >>> [apiv2][body] POST https://cloudresourcemanager.googleapis.com/v1/projects/myredevelh:testIamPermissions {"permissions":["firebase.projects.get"]}
[debug] [2024-08-29T11:28:35.549Z] <<< [apiv2][status] POST https://cloudresourcemanager.googleapis.com/v1/projects/myredevelh:testIamPermissions 200
[debug] [2024-08-29T11:28:35.550Z] <<< [apiv2][body] POST https://cloudresourcemanager.googleapis.com/v1/projects/myredevelh:testIamPermissions {"permissions":["firebase.projects.get"]}
[debug] [2024-08-29T11:28:35.552Z] >>> [apiv2][query] GET https://serviceusage.googleapis.com/v1/projects/myredevelh/services/cloudfunctions.googleapis.com [none]
[debug] [2024-08-29T11:28:35.552Z] >>> [apiv2][(partial)header] GET https://serviceusage.googleapis.com/v1/projects/myredevelh/services/cloudfunctions.googleapis.com x-goog-quota-user=projects/myredevelh
[debug] [2024-08-29T11:28:35.557Z] >>> [apiv2][query] GET https://serviceusage.googleapis.com/v1/projects/myredevelh/services/runtimeconfig.googleapis.com [none]
[debug] [2024-08-29T11:28:35.557Z] >>> [apiv2][(partial)header] GET https://serviceusage.googleapis.com/v1/projects/myredevelh/services/runtimeconfig.googleapis.com x-goog-quota-user=projects/myredevelh
[debug] [2024-08-29T11:28:36.990Z] <<< [apiv2][status] GET https://serviceusage.googleapis.com/v1/projects/myredevelh/services/runtimeconfig.googleapis.com 200
[debug] [2024-08-29T11:28:36.990Z] <<< [apiv2][body] GET https://serviceusage.googleapis.com/v1/projects/myredevelh/services/runtimeconfig.googleapis.com [omitted]
[debug] [2024-08-29T11:28:36.998Z] <<< [apiv2][status] GET https://serviceusage.googleapis.com/v1/projects/myredevelh/services/cloudfunctions.googleapis.com 200
[debug] [2024-08-29T11:28:36.999Z] <<< [apiv2][body] GET https://serviceusage.googleapis.com/v1/projects/myredevelh/services/cloudfunctions.googleapis.com [omitted]
[info] Let's create a new codebase for your functions.
[info] A directory corresponding to the codebase will be created in your project
[info] with sample code pre-configured.

[info] See https://firebase.google.com/docs/functions/organize-functions for
[info] more information on organizing your functions using codebases.

[info] Functions can be deployed with firebase deploy.

[info] +  Wrote functions/package.json 
[info] +  Wrote functions/.eslintrc.js 
[info] +  Wrote functions/index.js 
[info] +  Wrote functions/.gitignore 
[debug] [2024-08-29T11:50:28.255Z] ----------------------------------------------------------------------
[debug] [2024-08-29T11:50:28.257Z] Command:       C:\Program Files\nodejs\node.exe C:\Users\lenovo\AppData\Roaming\npm\node_modules\firebase-tools\lib\bin\firebase.js init functions
[debug] [2024-08-29T11:50:28.258Z] CLI Version:   13.15.0
[debug] [2024-08-29T11:50:28.259Z] Platform:      win32
[debug] [2024-08-29T11:50:28.259Z] Node Version:  v18.20.4
[debug] [2024-08-29T11:50:28.260Z] Time:          Thu Aug 29 2024 11:50:28 GMT+0000 (Greenwich Mean Time)
[debug] [2024-08-29T11:50:28.260Z] ----------------------------------------------------------------------
[debug] 
[debug] [2024-08-29T11:50:28.268Z] > command requires scopes: ["email","openid","https://www.googleapis.com/auth/cloudplatformprojects.readonly","https://www.googleapis.com/auth/firebase","https://www.googleapis.com/auth/cloud-platform"]
[debug] [2024-08-29T11:50:28.269Z] > authorizing via signed-in user (myredevesuper@gmail.com)
[info] 
     ######## #### ########  ######## ########     ###     ######  ########
     ##        ##  ##     ## ##       ##     ##  ##   ##  ##       ##
     ######    ##  ########  ######   ########  #########  ######  ######
     ##        ##  ##    ##  ##       ##     ## ##     ##       ## ##
     ##       #### ##     ## ######## ########  ##     ##  ######  ########

You're about to initialize a Firebase project in this directory:

  D:\Myredeve Learning Hub

[info] 
=== Project Setup
[info] 
[info] First, let's associate this project directory with a Firebase project.
[info] You can create multiple project aliases by running firebase use --add, 
[info] but for now we'll just set up a default project.
[info] 
[debug] [2024-08-29T11:50:47.590Z] >>> [apiv2][query] GET https://firebase.googleapis.com/v1beta1/projects pageSize=100
[debug] [2024-08-29T11:50:48.438Z] <<< [apiv2][status] GET https://firebase.googleapis.com/v1beta1/projects 200
[debug] [2024-08-29T11:50:48.438Z] <<< [apiv2][body] GET https://firebase.googleapis.com/v1beta1/projects [omitted]
[info] i  Using project myredevelh (Myredevelh) 
[info] 
=== Functions Setup
[debug] [2024-08-29T11:50:51.182Z] > command requires scopes: ["email","openid","https://www.googleapis.com/auth/cloudplatformprojects.readonly","https://www.googleapis.com/auth/firebase","https://www.googleapis.com/auth/cloud-platform"]
[debug] [2024-08-29T11:50:51.183Z] > authorizing via signed-in user (myredevesuper@gmail.com)
[debug] [2024-08-29T11:50:51.183Z] [iam] checking project myredevelh for permissions ["firebase.projects.get"]
[debug] [2024-08-29T11:50:51.184Z] >>> [apiv2][query] POST https://cloudresourcemanager.googleapis.com/v1/projects/myredevelh:testIamPermissions [none]
[debug] [2024-08-29T11:50:51.184Z] >>> [apiv2][(partial)header] POST https://cloudresourcemanager.googleapis.com/v1/projects/myredevelh:testIamPermissions x-goog-quota-user=projects/myredevelh
[debug] [2024-08-29T11:50:51.184Z] >>> [apiv2][body] POST https://cloudresourcemanager.googleapis.com/v1/projects/myredevelh:testIamPermissions {"permissions":["firebase.projects.get"]}
[debug] [2024-08-29T11:50:52.162Z] <<< [apiv2][status] POST https://cloudresourcemanager.googleapis.com/v1/projects/myredevelh:testIamPermissions 200
[debug] [2024-08-29T11:50:52.162Z] <<< [apiv2][body] POST https://cloudresourcemanager.googleapis.com/v1/projects/myredevelh:testIamPermissions {"permissions":["firebase.projects.get"]}
[debug] [2024-08-29T11:50:52.165Z] >>> [apiv2][query] GET https://serviceusage.googleapis.com/v1/projects/myredevelh/services/cloudfunctions.googleapis.com [none]
[debug] [2024-08-29T11:50:52.166Z] >>> [apiv2][(partial)header] GET https://serviceusage.googleapis.com/v1/projects/myredevelh/services/cloudfunctions.googleapis.com x-goog-quota-user=projects/myredevelh
[debug] [2024-08-29T11:50:52.172Z] >>> [apiv2][query] GET https://serviceusage.googleapis.com/v1/projects/myredevelh/services/runtimeconfig.googleapis.com [none]
[debug] [2024-08-29T11:50:52.172Z] >>> [apiv2][(partial)header] GET https://serviceusage.googleapis.com/v1/projects/myredevelh/services/runtimeconfig.googleapis.com x-goog-quota-user=projects/myredevelh
[debug] [2024-08-29T11:50:53.387Z] <<< [apiv2][status] GET https://serviceusage.googleapis.com/v1/projects/myredevelh/services/cloudfunctions.googleapis.com 200
[debug] [2024-08-29T11:50:53.388Z] <<< [apiv2][body] GET https://serviceusage.googleapis.com/v1/projects/myredevelh/services/cloudfunctions.googleapis.com [omitted]
[debug] [2024-08-29T11:50:53.426Z] <<< [apiv2][status] GET https://serviceusage.googleapis.com/v1/projects/myredevelh/services/runtimeconfig.googleapis.com 200
[debug] [2024-08-29T11:50:53.426Z] <<< [apiv2][body] GET https://serviceusage.googleapis.com/v1/projects/myredevelh/services/runtimeconfig.googleapis.com [omitted]
[info] Let's create a new codebase for your functions.
[info] A directory corresponding to the codebase will be created in your project
[info] with sample code pre-configured.

[info] See https://firebase.google.com/docs/functions/organize-functions for
[info] more information on organizing your functions using codebases.

[info] Functions can be deployed with firebase deploy.

[info] +  Wrote functions/package.json 
[info] +  Wrote functions/.eslintrc.js 
[info] +  Wrote functions/index.js 
[info] +  Wrote functions/.gitignore 
